
     ######################################################################    
   ##########################################################################  
  ###                                                                      ### 
 ###            Tinker9  --  Software Tools for Molecular Design            ###
 ##                                                                          ##
 ##                      Version 1.0.0-rc  January 2021                      ##
 ##                                                                          ##
 ##                 Copyright (c)  Zhi Wang & the Ponder Lab                 ##
 ###                           All Rights Reserved                          ###
  ###                                                                      ### 
   ##########################################################################  
     ######################################################################    

 Compiled at:  16:31:56  Sep 10 2021
 Commit Date:  Mon Aug 16 01:28:23 2021 -0500
 Commit:       b78a5351


 Initial Processing for Trajectory A :

 Primary GPU package :  CUDA

 GPU Device :  Setting Device ID to 0 from GPU utilization
       Completed     100 Coordinate Frames
       Completed     200 Coordinate Frames
       Completed     300 Coordinate Frames
       Completed     400 Coordinate Frames
